2023/01/31 10:38:08:/home/oracle/satellite-imgs/sat-image-detection/python-webapp_8888
2023/01/31 10:38:08:Fetching new images
2023/01/31 10:38:08:Annotating and tiling the following images: 
2023/01/31 10:38:08:[]
2023/01/31 10:38:08:Starting tiles creation...
2023/01/31 10:44:04:/home/oracle/satellite-imgs/sat-image-detection/python-webapp_8888
2023/01/31 10:44:04:Fetching new images
2023/01/31 10:44:04:Annotating and tiling the following images: 
2023/01/31 10:44:04:[]
2023/01/31 10:44:04:Starting tiles creation...
2023/01/31 10:45:02:/home/oracle/satellite-imgs/sat-image-detection/python-webapp_8888
2023/01/31 10:45:02:Fetching new images
2023/01/31 10:45:02:Annotating and tiling the following images: 
2023/01/31 10:45:02:[]
2023/01/31 10:45:02:Starting tiles creation...
2023/01/31 10:46:11:/home/oracle/satellite-imgs/sat-image-detection/python-webapp_8888
2023/01/31 10:46:11:Fetching new images
2023/01/31 10:46:11:Annotating and tiling the following images: 
2023/01/31 10:46:11:[]
2023/01/31 10:46:11:Starting tiles creation...
2023/01/31 10:47:31:/home/oracle/satellite-imgs/sat-image-detection/python-webapp_8888
2023/01/31 10:47:31:Fetching new images
2023/01/31 10:47:31:Annotating and tiling the following images: 
2023/01/31 10:47:31:[]
2023/01/31 10:47:31:Starting tiles creation...
2023/01/31 10:48:12:/home/oracle/satellite-imgs/sat-image-detection/python-webapp_8888
2023/01/31 10:48:12:Fetching new images
2023/01/31 10:48:12:Annotating and tiling the following images: 
2023/01/31 10:48:12:[]
2023/01/31 10:48:12:Starting tiles creation...
2023/01/31 10:51:33:/home/oracle/satellite-imgs/sat-image-detection/python-webapp_8888
2023/01/31 10:51:33:Fetching new images
2023/01/31 10:51:33:Annotating and tiling the following images: 
2023/01/31 10:51:33:[]
2023/01/31 10:51:33:Starting tiles creation...
2023/01/31 10:53:08:/home/oracle/satellite-imgs/sat-image-detection/python-webapp_8888
2023/01/31 10:53:08:Fetching new images
2023/01/31 10:53:08:Annotating and tiling the following images: 
2023/01/31 10:53:08:[]
2023/01/31 10:53:08:Starting tiles creation...
2023/01/31 10:54:13:/home/oracle/satellite-imgs/sat-image-detection/python-webapp_8888
2023/01/31 10:54:13:Fetching new images
2023/01/31 10:54:13:Annotating and tiling the following images: 
2023/01/31 10:54:13:[]
2023/01/31 10:54:13:Starting tiles creation...
