2023/01/31 10:32:25:/home/oracle/satellite-imgs/sat-image-detection/python-webapp_8888
2023/01/31 10:32:25:Fetching new images
2023/01/31 10:32:25:Annotating and tiling the following images: 
2023/01/31 10:32:25:['train/training_1/images/img_20230127111633248248_1.png', 'train/training_1/images/img_20230131102615043664_1.png', 'train/training_1/images/img_20221221131814907040_1.png', 'train/training_1/images/img_20230127112549954434_1.png', 'train/training_1/images/img_20230131101759779408_1.png', 'train/training_1/images/img_20221228121559208739_1.png', 'train/training_1/images/img_20230126161544424307_1.png', 'train/training_1/images/img_20230127113357944204_1.png', 'train/training_1/images/img_20230127110848869691_1.png', 'train/training_1/images/img_20230131103012796859_1.png', 'train/training_1/images/img_20230127112309091747_1.png', 'train/training_1/images/img_20230127111619317783_1.png', 'train/training_1/images/img_20221228121648840433_1.png', 'train/training_1/images/img_20230126161614985539_1.png', 'train/training_1/images/img_20230131102733657479_1.png', 'train/training_1/images/img_20221228121615065068_1.png', 'train/training_1/images/img_20221228123001053868_1.png', 'train/training_1/images/img_20230127111842811634_1.png', 'train/training_1/images/img_20230127111003172633_1.png', 'train/training_1/images/img_20230131101132449978_1.png', 'train/training_1/images/img_20221221131817153411_1.png', 'train/training_1/images/img_20230131102439440031_1.png', 'train/training_1/images/img_20230127111723553944_1.png']
2023/01/31 10:32:25:Starting tiles creation...
2023/01/31 10:32:25:Airplane            27
oil-storage-tank    22
oil-tank             5
Name: class, dtype: int64
2023/01/31 10:38:08:/home/oracle/satellite-imgs/sat-image-detection/python-webapp_8888
2023/01/31 10:38:08:Fetching new images
2023/01/31 10:38:08:Annotating and tiling the following images: 
2023/01/31 10:38:08:['train/training_1/images/img_20230127111633248248_1.png', 'train/training_1/images/img_20230131102615043664_1.png', 'train/training_1/images/img_20221221131814907040_1.png', 'train/training_1/images/img_20230127112549954434_1.png', 'train/training_1/images/img_20230131101759779408_1.png', 'train/training_1/images/img_20221228121559208739_1.png', 'train/training_1/images/img_20230126161544424307_1.png', 'train/training_1/images/img_20230127113357944204_1.png', 'train/training_1/images/img_20230127110848869691_1.png', 'train/training_1/images/img_20230131103012796859_1.png', 'train/training_1/images/img_20230127112309091747_1.png', 'train/training_1/images/img_20230127111619317783_1.png', 'train/training_1/images/img_20230131103750719579_1.png', 'train/training_1/images/img_20221228121648840433_1.png', 'train/training_1/images/img_20230126161614985539_1.png', 'train/training_1/images/img_20230131102733657479_1.png', 'train/training_1/images/img_20221228121615065068_1.png', 'train/training_1/images/img_20221228123001053868_1.png', 'train/training_1/images/img_20230127111842811634_1.png', 'train/training_1/images/img_20230127111003172633_1.png', 'train/training_1/images/img_20230131101132449978_1.png', 'train/training_1/images/img_20221221131817153411_1.png', 'train/training_1/images/img_20230131102439440031_1.png', 'train/training_1/images/img_20230127111723553944_1.png']
2023/01/31 10:38:08:Starting tiles creation...
2023/01/31 10:38:08:Airplane            28
oil-storage-tank    23
oil-tank             5
Name: class, dtype: int64
2023/01/31 10:44:04:/home/oracle/satellite-imgs/sat-image-detection/python-webapp_8888
2023/01/31 10:44:04:Fetching new images
2023/01/31 10:44:04:Annotating and tiling the following images: 
2023/01/31 10:44:04:['train/training_1/images/img_20230127111633248248_1.png', 'train/training_1/images/img_20230131102615043664_1.png', 'train/training_1/images/img_20221221131814907040_1.png', 'train/training_1/images/img_20230127112549954434_1.png', 'train/training_1/images/img_20230131101759779408_1.png', 'train/training_1/images/img_20221228121559208739_1.png', 'train/training_1/images/img_20230126161544424307_1.png', 'train/training_1/images/img_20230127113357944204_1.png', 'train/training_1/images/img_20230127110848869691_1.png', 'train/training_1/images/img_20230131103012796859_1.png', 'train/training_1/images/img_20230127112309091747_1.png', 'train/training_1/images/img_20230127111619317783_1.png', 'train/training_1/images/img_20230131103750719579_1.png', 'train/training_1/images/img_20221228121648840433_1.png', 'train/training_1/images/img_20230126161614985539_1.png', 'train/training_1/images/img_20230131102733657479_1.png', 'train/training_1/images/img_20230131104346766517_1.png', 'train/training_1/images/img_20221228121615065068_1.png', 'train/training_1/images/img_20221228123001053868_1.png', 'train/training_1/images/img_20230127111842811634_1.png', 'train/training_1/images/img_20230127111003172633_1.png', 'train/training_1/images/img_20230131101132449978_1.png', 'train/training_1/images/img_20221221131817153411_1.png', 'train/training_1/images/img_20230131102439440031_1.png', 'train/training_1/images/img_20230127111723553944_1.png']
2023/01/31 10:44:04:Starting tiles creation...
2023/01/31 10:44:04:Airplane            29
oil-storage-tank    24
oil-tank             5
Name: class, dtype: int64
2023/01/31 10:45:02:/home/oracle/satellite-imgs/sat-image-detection/python-webapp_8888
2023/01/31 10:45:02:Fetching new images
2023/01/31 10:45:02:Annotating and tiling the following images: 
2023/01/31 10:45:02:['train/training_1/images/img_20230127111633248248_1.png', 'train/training_1/images/img_20230131102615043664_1.png', 'train/training_1/images/img_20221221131814907040_1.png', 'train/training_1/images/img_20230127112549954434_1.png', 'train/training_1/images/img_20230131101759779408_1.png', 'train/training_1/images/img_20221228121559208739_1.png', 'train/training_1/images/img_20230126161544424307_1.png', 'train/training_1/images/img_20230127113357944204_1.png', 'train/training_1/images/img_20230127110848869691_1.png', 'train/training_1/images/img_20230131103012796859_1.png', 'train/training_1/images/img_20230127112309091747_1.png', 'train/training_1/images/img_20230127111619317783_1.png', 'train/training_1/images/img_20230131103750719579_1.png', 'train/training_1/images/img_20221228121648840433_1.png', 'train/training_1/images/img_20230126161614985539_1.png', 'train/training_1/images/img_20230131104444789251_1.png', 'train/training_1/images/img_20230131102733657479_1.png', 'train/training_1/images/img_20230131104346766517_1.png', 'train/training_1/images/img_20221228121615065068_1.png', 'train/training_1/images/img_20221228123001053868_1.png', 'train/training_1/images/img_20230127111842811634_1.png', 'train/training_1/images/img_20230127111003172633_1.png', 'train/training_1/images/img_20230131101132449978_1.png', 'train/training_1/images/img_20221221131817153411_1.png', 'train/training_1/images/img_20230131102439440031_1.png', 'train/training_1/images/img_20230127111723553944_1.png']
2023/01/31 10:45:02:Starting tiles creation...
2023/01/31 10:45:02:Airplane            30
oil-storage-tank    25
oil-tank             5
Name: class, dtype: int64
2023/01/31 10:46:11:/home/oracle/satellite-imgs/sat-image-detection/python-webapp_8888
2023/01/31 10:46:11:Fetching new images
2023/01/31 10:46:11:Annotating and tiling the following images: 
2023/01/31 10:46:11:['train/training_1/images/img_20230127111633248248_1.png', 'train/training_1/images/img_20230131102615043664_1.png', 'train/training_1/images/img_20221221131814907040_1.png', 'train/training_1/images/img_20230127112549954434_1.png', 'train/training_1/images/img_20230131101759779408_1.png', 'train/training_1/images/img_20221228121559208739_1.png', 'train/training_1/images/img_20230131104553388099_1.png', 'train/training_1/images/img_20230126161544424307_1.png', 'train/training_1/images/img_20230127113357944204_1.png', 'train/training_1/images/img_20230127110848869691_1.png', 'train/training_1/images/img_20230131103012796859_1.png', 'train/training_1/images/img_20230127112309091747_1.png', 'train/training_1/images/img_20230127111619317783_1.png', 'train/training_1/images/img_20230131103750719579_1.png', 'train/training_1/images/img_20221228121648840433_1.png', 'train/training_1/images/img_20230126161614985539_1.png', 'train/training_1/images/img_20230131104444789251_1.png', 'train/training_1/images/img_20230131102733657479_1.png', 'train/training_1/images/img_20230131104346766517_1.png', 'train/training_1/images/img_20221228121615065068_1.png', 'train/training_1/images/img_20221228123001053868_1.png', 'train/training_1/images/img_20230127111842811634_1.png', 'train/training_1/images/img_20230127111003172633_1.png', 'train/training_1/images/img_20230131101132449978_1.png', 'train/training_1/images/img_20221221131817153411_1.png', 'train/training_1/images/img_20230131102439440031_1.png', 'train/training_1/images/img_20230127111723553944_1.png']
2023/01/31 10:46:11:Starting tiles creation...
2023/01/31 10:46:11:Airplane            31
oil-storage-tank    26
oil-tank             5
Name: class, dtype: int64
2023/01/31 10:47:31:/home/oracle/satellite-imgs/sat-image-detection/python-webapp_8888
2023/01/31 10:47:31:Fetching new images
2023/01/31 10:47:31:Annotating and tiling the following images: 
2023/01/31 10:47:31:['train/training_1/images/img_20230127111633248248_1.png', 'train/training_1/images/img_20230131102615043664_1.png', 'train/training_1/images/img_20221221131814907040_1.png', 'train/training_1/images/img_20230127112549954434_1.png', 'train/training_1/images/img_20230131101759779408_1.png', 'train/training_1/images/img_20221228121559208739_1.png', 'train/training_1/images/img_20230131104553388099_1.png', 'train/training_1/images/img_20230126161544424307_1.png', 'train/training_1/images/img_20230127113357944204_1.png', 'train/training_1/images/img_20230131104714645512_1.png', 'train/training_1/images/img_20230127110848869691_1.png', 'train/training_1/images/img_20230131103012796859_1.png', 'train/training_1/images/img_20230127112309091747_1.png', 'train/training_1/images/img_20230127111619317783_1.png', 'train/training_1/images/img_20230131103750719579_1.png', 'train/training_1/images/img_20221228121648840433_1.png', 'train/training_1/images/img_20230126161614985539_1.png', 'train/training_1/images/img_20230131104444789251_1.png', 'train/training_1/images/img_20230131102733657479_1.png', 'train/training_1/images/img_20230131104346766517_1.png', 'train/training_1/images/img_20221228121615065068_1.png', 'train/training_1/images/img_20221228123001053868_1.png', 'train/training_1/images/img_20230127111842811634_1.png', 'train/training_1/images/img_20230127111003172633_1.png', 'train/training_1/images/img_20230131101132449978_1.png', 'train/training_1/images/img_20221221131817153411_1.png', 'train/training_1/images/img_20230131102439440031_1.png', 'train/training_1/images/img_20230127111723553944_1.png']
2023/01/31 10:47:31:Starting tiles creation...
2023/01/31 10:47:31:Airplane            32
oil-storage-tank    27
oil-tank             5
Name: class, dtype: int64
2023/01/31 10:48:12:/home/oracle/satellite-imgs/sat-image-detection/python-webapp_8888
2023/01/31 10:48:12:Fetching new images
2023/01/31 10:48:12:Annotating and tiling the following images: 
2023/01/31 10:48:12:['train/training_1/images/img_20230127111633248248_1.png', 'train/training_1/images/img_20230131102615043664_1.png', 'train/training_1/images/img_20221221131814907040_1.png', 'train/training_1/images/img_20230127112549954434_1.png', 'train/training_1/images/img_20230131101759779408_1.png', 'train/training_1/images/img_20221228121559208739_1.png', 'train/training_1/images/img_20230131104553388099_1.png', 'train/training_1/images/img_20230126161544424307_1.png', 'train/training_1/images/img_20230127113357944204_1.png', 'train/training_1/images/img_20230131104714645512_1.png', 'train/training_1/images/img_20230127110848869691_1.png', 'train/training_1/images/img_20230131103012796859_1.png', 'train/training_1/images/img_20230127112309091747_1.png', 'train/training_1/images/img_20230127111619317783_1.png', 'train/training_1/images/img_20230131103750719579_1.png', 'train/training_1/images/img_20221228121648840433_1.png', 'train/training_1/images/img_20230126161614985539_1.png', 'train/training_1/images/img_20230131104444789251_1.png', 'train/training_1/images/img_20230131102733657479_1.png', 'train/training_1/images/img_20230131104346766517_1.png', 'train/training_1/images/img_20221228121615065068_1.png', 'train/training_1/images/img_20221228123001053868_1.png', 'train/training_1/images/img_20230127111842811634_1.png', 'train/training_1/images/img_20230131104754362841_1.png', 'train/training_1/images/img_20230127111003172633_1.png', 'train/training_1/images/img_20230131101132449978_1.png', 'train/training_1/images/img_20221221131817153411_1.png', 'train/training_1/images/img_20230131102439440031_1.png', 'train/training_1/images/img_20230127111723553944_1.png']
2023/01/31 10:48:12:Starting tiles creation...
2023/01/31 10:48:12:Airplane            33
oil-storage-tank    28
oil-tank             5
Name: class, dtype: int64
2023/01/31 10:51:33:/home/oracle/satellite-imgs/sat-image-detection/python-webapp_8888
2023/01/31 10:51:33:Fetching new images
2023/01/31 10:51:33:Annotating and tiling the following images: 
2023/01/31 10:51:33:['train/training_1/images/img_20230127111633248248_1.png', 'train/training_1/images/img_20230131102615043664_1.png', 'train/training_1/images/img_20221221131814907040_1.png', 'train/training_1/images/img_20230127112549954434_1.png', 'train/training_1/images/img_20230131101759779408_1.png', 'train/training_1/images/img_20221228121559208739_1.png', 'train/training_1/images/img_20230131104553388099_1.png', 'train/training_1/images/img_20230126161544424307_1.png', 'train/training_1/images/img_20230127113357944204_1.png', 'train/training_1/images/img_20230131104714645512_1.png', 'train/training_1/images/img_20230127110848869691_1.png', 'train/training_1/images/img_20230131103012796859_1.png', 'train/training_1/images/img_20230127112309091747_1.png', 'train/training_1/images/img_20230127111619317783_1.png', 'train/training_1/images/img_20230131103750719579_1.png', 'train/training_1/images/img_20221228121648840433_1.png', 'train/training_1/images/img_20230126161614985539_1.png', 'train/training_1/images/img_20230131104444789251_1.png', 'train/training_1/images/img_20230131102733657479_1.png', 'train/training_1/images/img_20230131104346766517_1.png', 'train/training_1/images/img_20221228121615065068_1.png', 'train/training_1/images/img_20221228123001053868_1.png', 'train/training_1/images/img_20230127111842811634_1.png', 'train/training_1/images/img_20230131104754362841_1.png', 'train/training_1/images/img_20230127111003172633_1.png', 'train/training_1/images/img_20230131101132449978_1.png', 'train/training_1/images/img_20221221131817153411_1.png', 'train/training_1/images/img_20230131105115696180_1.png', 'train/training_1/images/img_20230131102439440031_1.png', 'train/training_1/images/img_20230127111723553944_1.png']
2023/01/31 10:51:33:Starting tiles creation...
2023/01/31 10:51:33:Airplane            34
oil-storage-tank    29
oil-tank             5
Name: class, dtype: int64
2023/01/31 10:53:08:/home/oracle/satellite-imgs/sat-image-detection/python-webapp_8888
2023/01/31 10:53:08:Fetching new images
2023/01/31 10:53:08:Annotating and tiling the following images: 
2023/01/31 10:53:08:['train/training_1/images/img_20230127111633248248_1.png', 'train/training_1/images/img_20230131102615043664_1.png', 'train/training_1/images/img_20221221131814907040_1.png', 'train/training_1/images/img_20230127112549954434_1.png', 'train/training_1/images/img_20230131101759779408_1.png', 'train/training_1/images/img_20221228121559208739_1.png', 'train/training_1/images/img_20230131104553388099_1.png', 'train/training_1/images/img_20230126161544424307_1.png', 'train/training_1/images/img_20230127113357944204_1.png', 'train/training_1/images/img_20230131104714645512_1.png', 'train/training_1/images/img_20230127110848869691_1.png', 'train/training_1/images/img_20230131103012796859_1.png', 'train/training_1/images/img_20230131105250486601_1.png', 'train/training_1/images/img_20230127112309091747_1.png', 'train/training_1/images/img_20230127111619317783_1.png', 'train/training_1/images/img_20230131103750719579_1.png', 'train/training_1/images/img_20221228121648840433_1.png', 'train/training_1/images/img_20230126161614985539_1.png', 'train/training_1/images/img_20230131104444789251_1.png', 'train/training_1/images/img_20230131102733657479_1.png', 'train/training_1/images/img_20230131104346766517_1.png', 'train/training_1/images/img_20221228121615065068_1.png', 'train/training_1/images/img_20221228123001053868_1.png', 'train/training_1/images/img_20230127111842811634_1.png', 'train/training_1/images/img_20230131104754362841_1.png', 'train/training_1/images/img_20230127111003172633_1.png', 'train/training_1/images/img_20230131101132449978_1.png', 'train/training_1/images/img_20221221131817153411_1.png', 'train/training_1/images/img_20230131105115696180_1.png', 'train/training_1/images/img_20230131102439440031_1.png', 'train/training_1/images/img_20230127111723553944_1.png']
2023/01/31 10:53:08:Starting tiles creation...
2023/01/31 10:53:08:Airplane            35
oil-storage-tank    30
oil-tank             5
Name: class, dtype: int64
2023/01/31 10:54:13:/home/oracle/satellite-imgs/sat-image-detection/python-webapp_8888
2023/01/31 10:54:13:Fetching new images
2023/01/31 10:54:13:Annotating and tiling the following images: 
2023/01/31 10:54:13:['train/training_1/images/img_20230127111633248248_1.png', 'train/training_1/images/img_20230131102615043664_1.png', 'train/training_1/images/img_20221221131814907040_1.png', 'train/training_1/images/img_20230127112549954434_1.png', 'train/training_1/images/img_20230131101759779408_1.png', 'train/training_1/images/img_20221228121559208739_1.png', 'train/training_1/images/img_20230131104553388099_1.png', 'train/training_1/images/img_20230126161544424307_1.png', 'train/training_1/images/img_20230127113357944204_1.png', 'train/training_1/images/img_20230131104714645512_1.png', 'train/training_1/images/img_20230127110848869691_1.png', 'train/training_1/images/img_20230131103012796859_1.png', 'train/training_1/images/img_20230131105250486601_1.png', 'train/training_1/images/img_20230131105355856922_1.png', 'train/training_1/images/img_20230127112309091747_1.png', 'train/training_1/images/img_20230127111619317783_1.png', 'train/training_1/images/img_20230131103750719579_1.png', 'train/training_1/images/img_20221228121648840433_1.png', 'train/training_1/images/img_20230126161614985539_1.png', 'train/training_1/images/img_20230131104444789251_1.png', 'train/training_1/images/img_20230131102733657479_1.png', 'train/training_1/images/img_20230131104346766517_1.png', 'train/training_1/images/img_20221228121615065068_1.png', 'train/training_1/images/img_20221228123001053868_1.png', 'train/training_1/images/img_20230127111842811634_1.png', 'train/training_1/images/img_20230131104754362841_1.png', 'train/training_1/images/img_20230127111003172633_1.png', 'train/training_1/images/img_20230131101132449978_1.png', 'train/training_1/images/img_20221221131817153411_1.png', 'train/training_1/images/img_20230131105115696180_1.png', 'train/training_1/images/img_20230131102439440031_1.png', 'train/training_1/images/img_20230127111723553944_1.png']
2023/01/31 10:54:13:Starting tiles creation...
2023/01/31 10:54:13:Airplane            36
oil-storage-tank    31
oil-tank             5
Name: class, dtype: int64
