nohup: ignoring input
2023-02-01 19:30:40.031732: I tensorflow/core/platform/cpu_feature_guard.cc:193] This TensorFlow binary is optimized with oneAPI Deep Neural Network Library (oneDNN) to use the following CPU instructions in performance-critical operations:  AVX2 FMA
To enable them in other operations, rebuild TensorFlow with the appropriate compiler flags.
2023-02-01 19:30:40.108382: W tensorflow/compiler/xla/stream_executor/platform/default/dso_loader.cc:64] Could not load dynamic library 'libcudart.so.11.0'; dlerror: libcudart.so.11.0: cannot open shared object file: No such file or directory; LD_LIBRARY_PATH: :/usr/local/cuda-10.1/lib64
2023-02-01 19:30:40.108410: I tensorflow/compiler/xla/stream_executor/cuda/cudart_stub.cc:29] Ignore above cudart dlerror if you do not have a GPU set up on your machine.
2023-02-01 19:30:40.537255: W tensorflow/compiler/xla/stream_executor/platform/default/dso_loader.cc:64] Could not load dynamic library 'libnvinfer.so.7'; dlerror: libnvinfer.so.7: cannot open shared object file: No such file or directory; LD_LIBRARY_PATH: :/usr/local/cuda-10.1/lib64
2023-02-01 19:30:40.537329: W tensorflow/compiler/xla/stream_executor/platform/default/dso_loader.cc:64] Could not load dynamic library 'libnvinfer_plugin.so.7'; dlerror: libnvinfer_plugin.so.7: cannot open shared object file: No such file or directory; LD_LIBRARY_PATH: :/usr/local/cuda-10.1/lib64
2023-02-01 19:30:40.537340: W tensorflow/compiler/tf2tensorrt/utils/py_utils.cc:38] TF-TRT Warning: Cannot dlopen some TensorRT libraries. If you would like to use Nvidia GPU with TensorRT, please make sure the missing libraries mentioned above are installed properly.
 * Serving Flask app 'webapp-flask_multithread_9001'
 * Debug mode: on
INFO:werkzeug:[31m[1mWARNING: This is a development server. Do not use it in a production deployment. Use a production WSGI server instead.[0m
 * Running on all addresses (0.0.0.0)
 * Running on https://127.0.0.1:9001
 * Running on https://10.172.28.24:9001
INFO:werkzeug:[33mPress CTRL+C to quit[0m
INFO:werkzeug: * Restarting with stat
2023-02-01 19:30:42.786568: I tensorflow/core/platform/cpu_feature_guard.cc:193] This TensorFlow binary is optimized with oneAPI Deep Neural Network Library (oneDNN) to use the following CPU instructions in performance-critical operations:  AVX2 FMA
To enable them in other operations, rebuild TensorFlow with the appropriate compiler flags.
2023-02-01 19:30:42.862866: W tensorflow/compiler/xla/stream_executor/platform/default/dso_loader.cc:64] Could not load dynamic library 'libcudart.so.11.0'; dlerror: libcudart.so.11.0: cannot open shared object file: No such file or directory; LD_LIBRARY_PATH: /home/oracle/anaconda3/envs/satenv/lib/python3.8/site-packages/cv2/../../lib64::/usr/local/cuda-10.1/lib64
2023-02-01 19:30:42.862893: I tensorflow/compiler/xla/stream_executor/cuda/cudart_stub.cc:29] Ignore above cudart dlerror if you do not have a GPU set up on your machine.
2023-02-01 19:30:43.286980: W tensorflow/compiler/xla/stream_executor/platform/default/dso_loader.cc:64] Could not load dynamic library 'libnvinfer.so.7'; dlerror: libnvinfer.so.7: cannot open shared object file: No such file or directory; LD_LIBRARY_PATH: /home/oracle/anaconda3/envs/satenv/lib/python3.8/site-packages/cv2/../../lib64::/usr/local/cuda-10.1/lib64
2023-02-01 19:30:43.287038: W tensorflow/compiler/xla/stream_executor/platform/default/dso_loader.cc:64] Could not load dynamic library 'libnvinfer_plugin.so.7'; dlerror: libnvinfer_plugin.so.7: cannot open shared object file: No such file or directory; LD_LIBRARY_PATH: /home/oracle/anaconda3/envs/satenv/lib/python3.8/site-packages/cv2/../../lib64::/usr/local/cuda-10.1/lib64
2023-02-01 19:30:43.287046: W tensorflow/compiler/tf2tensorrt/utils/py_utils.cc:38] TF-TRT Warning: Cannot dlopen some TensorRT libraries. If you would like to use Nvidia GPU with TensorRT, please make sure the missing libraries mentioned above are installed properly.
WARNING:werkzeug: * Debugger is active!
INFO:werkzeug: * Debugger PIN: 231-728-425
INFO:werkzeug:10.175.221.98 - - [01/Feb/2023 19:30:45] "[35m[1mPOST /reports/query HTTP/1.1[0m" 500 -
Traceback (most recent call last):
  File "/home/oracle/anaconda3/envs/satenv/lib/python3.8/site-packages/flask/app.py", line 2548, in __call__
    return self.wsgi_app(environ, start_response)
  File "/home/oracle/anaconda3/envs/satenv/lib/python3.8/site-packages/flask/app.py", line 2528, in wsgi_app
    response = self.handle_exception(e)
  File "/home/oracle/anaconda3/envs/satenv/lib/python3.8/site-packages/flask_cors/extension.py", line 165, in wrapped_function
    return cors_after_request(app.make_response(f(*args, **kwargs)))
  File "/home/oracle/anaconda3/envs/satenv/lib/python3.8/site-packages/flask/app.py", line 2525, in wsgi_app
    response = self.full_dispatch_request()
  File "/home/oracle/anaconda3/envs/satenv/lib/python3.8/site-packages/flask/app.py", line 1822, in full_dispatch_request
    rv = self.handle_user_exception(e)
  File "/home/oracle/anaconda3/envs/satenv/lib/python3.8/site-packages/flask_cors/extension.py", line 165, in wrapped_function
    return cors_after_request(app.make_response(f(*args, **kwargs)))
  File "/home/oracle/anaconda3/envs/satenv/lib/python3.8/site-packages/flask/app.py", line 1820, in full_dispatch_request
    rv = self.dispatch_request()
  File "/home/oracle/anaconda3/envs/satenv/lib/python3.8/site-packages/flask/app.py", line 1796, in dispatch_request
    return self.ensure_sync(self.view_functions[rule.endpoint])(**view_args)
  File "/home/oracle/satellite-imgs/sat-image-detection/python-webapp/webapp-flask_multithread_9001.py", line 382, in getReports
    return jsonify({"reports": result}), r_status
  File "/home/oracle/anaconda3/envs/satenv/lib/python3.8/site-packages/flask/json/__init__.py", line 342, in jsonify
    return current_app.json.response(*args, **kwargs)
  File "/home/oracle/anaconda3/envs/satenv/lib/python3.8/site-packages/flask/json/provider.py", line 309, in response
    f"{self.dumps(obj, **dump_args)}\n", mimetype=mimetype
  File "/home/oracle/anaconda3/envs/satenv/lib/python3.8/site-packages/flask/json/provider.py", line 230, in dumps
    return json.dumps(obj, **kwargs)
  File "/home/oracle/anaconda3/envs/satenv/lib/python3.8/json/__init__.py", line 234, in dumps
    return cls(
  File "/home/oracle/anaconda3/envs/satenv/lib/python3.8/json/encoder.py", line 201, in encode
    chunks = list(chunks)
  File "/home/oracle/anaconda3/envs/satenv/lib/python3.8/json/encoder.py", line 431, in _iterencode
    yield from _iterencode_dict(o, _current_indent_level)
  File "/home/oracle/anaconda3/envs/satenv/lib/python3.8/json/encoder.py", line 405, in _iterencode_dict
    yield from chunks
  File "/home/oracle/anaconda3/envs/satenv/lib/python3.8/json/encoder.py", line 438, in _iterencode
    o = _default(o)
  File "/home/oracle/anaconda3/envs/satenv/lib/python3.8/site-packages/flask/json/provider.py", line 122, in _default
    raise TypeError(f"Object of type {type(o).__name__} is not JSON serializable")
TypeError: Object of type DataFrame is not JSON serializable
INFO:werkzeug: * Detected change in '/home/oracle/satellite-imgs/sat-image-detection/python-webapp/webapp-flask_multithread_9001.py', reloading
INFO:werkzeug: * Restarting with stat
2023-02-01 19:31:21.474521: I tensorflow/core/platform/cpu_feature_guard.cc:193] This TensorFlow binary is optimized with oneAPI Deep Neural Network Library (oneDNN) to use the following CPU instructions in performance-critical operations:  AVX2 FMA
To enable them in other operations, rebuild TensorFlow with the appropriate compiler flags.
2023-02-01 19:31:21.550289: W tensorflow/compiler/xla/stream_executor/platform/default/dso_loader.cc:64] Could not load dynamic library 'libcudart.so.11.0'; dlerror: libcudart.so.11.0: cannot open shared object file: No such file or directory; LD_LIBRARY_PATH: /home/oracle/anaconda3/envs/satenv/lib/python3.8/site-packages/cv2/../../lib64::/usr/local/cuda-10.1/lib64
2023-02-01 19:31:21.550315: I tensorflow/compiler/xla/stream_executor/cuda/cudart_stub.cc:29] Ignore above cudart dlerror if you do not have a GPU set up on your machine.
2023-02-01 19:31:21.974167: W tensorflow/compiler/xla/stream_executor/platform/default/dso_loader.cc:64] Could not load dynamic library 'libnvinfer.so.7'; dlerror: libnvinfer.so.7: cannot open shared object file: No such file or directory; LD_LIBRARY_PATH: /home/oracle/anaconda3/envs/satenv/lib/python3.8/site-packages/cv2/../../lib64::/usr/local/cuda-10.1/lib64
2023-02-01 19:31:21.974238: W tensorflow/compiler/xla/stream_executor/platform/default/dso_loader.cc:64] Could not load dynamic library 'libnvinfer_plugin.so.7'; dlerror: libnvinfer_plugin.so.7: cannot open shared object file: No such file or directory; LD_LIBRARY_PATH: /home/oracle/anaconda3/envs/satenv/lib/python3.8/site-packages/cv2/../../lib64::/usr/local/cuda-10.1/lib64
2023-02-01 19:31:21.974248: W tensorflow/compiler/tf2tensorrt/utils/py_utils.cc:38] TF-TRT Warning: Cannot dlopen some TensorRT libraries. If you would like to use Nvidia GPU with TensorRT, please make sure the missing libraries mentioned above are installed properly.
WARNING:werkzeug: * Debugger is active!
INFO:werkzeug: * Debugger PIN: 185-682-153
INFO:werkzeug:10.175.221.98 - - [01/Feb/2023 19:31:24] "POST /reports/query HTTP/1.1" 200 -
INFO:werkzeug: * Detected change in '/home/oracle/satellite-imgs/sat-image-detection/python-webapp/webapp-flask_multithread_9001.py', reloading
INFO:werkzeug: * Restarting with stat
2023-02-01 19:31:50.058726: I tensorflow/core/platform/cpu_feature_guard.cc:193] This TensorFlow binary is optimized with oneAPI Deep Neural Network Library (oneDNN) to use the following CPU instructions in performance-critical operations:  AVX2 FMA
To enable them in other operations, rebuild TensorFlow with the appropriate compiler flags.
2023-02-01 19:31:50.134528: W tensorflow/compiler/xla/stream_executor/platform/default/dso_loader.cc:64] Could not load dynamic library 'libcudart.so.11.0'; dlerror: libcudart.so.11.0: cannot open shared object file: No such file or directory; LD_LIBRARY_PATH: /home/oracle/anaconda3/envs/satenv/lib/python3.8/site-packages/cv2/../../lib64::/usr/local/cuda-10.1/lib64
2023-02-01 19:31:50.134553: I tensorflow/compiler/xla/stream_executor/cuda/cudart_stub.cc:29] Ignore above cudart dlerror if you do not have a GPU set up on your machine.
2023-02-01 19:31:50.557193: W tensorflow/compiler/xla/stream_executor/platform/default/dso_loader.cc:64] Could not load dynamic library 'libnvinfer.so.7'; dlerror: libnvinfer.so.7: cannot open shared object file: No such file or directory; LD_LIBRARY_PATH: /home/oracle/anaconda3/envs/satenv/lib/python3.8/site-packages/cv2/../../lib64::/usr/local/cuda-10.1/lib64
2023-02-01 19:31:50.557263: W tensorflow/compiler/xla/stream_executor/platform/default/dso_loader.cc:64] Could not load dynamic library 'libnvinfer_plugin.so.7'; dlerror: libnvinfer_plugin.so.7: cannot open shared object file: No such file or directory; LD_LIBRARY_PATH: /home/oracle/anaconda3/envs/satenv/lib/python3.8/site-packages/cv2/../../lib64::/usr/local/cuda-10.1/lib64
2023-02-01 19:31:50.557274: W tensorflow/compiler/tf2tensorrt/utils/py_utils.cc:38] TF-TRT Warning: Cannot dlopen some TensorRT libraries. If you would like to use Nvidia GPU with TensorRT, please make sure the missing libraries mentioned above are installed properly.
WARNING:werkzeug: * Debugger is active!
INFO:werkzeug: * Debugger PIN: 759-450-900
INFO:werkzeug:10.175.221.98 - - [01/Feb/2023 19:31:53] "POST /reports/query HTTP/1.1" 200 -
INFO:werkzeug: * Detected change in '/home/oracle/satellite-imgs/sat-image-detection/python-webapp/webapp-flask_multithread_9001.py', reloading
INFO:werkzeug: * Restarting with stat
2023-02-01 19:32:07.482438: I tensorflow/core/platform/cpu_feature_guard.cc:193] This TensorFlow binary is optimized with oneAPI Deep Neural Network Library (oneDNN) to use the following CPU instructions in performance-critical operations:  AVX2 FMA
To enable them in other operations, rebuild TensorFlow with the appropriate compiler flags.
2023-02-01 19:32:07.557835: W tensorflow/compiler/xla/stream_executor/platform/default/dso_loader.cc:64] Could not load dynamic library 'libcudart.so.11.0'; dlerror: libcudart.so.11.0: cannot open shared object file: No such file or directory; LD_LIBRARY_PATH: /home/oracle/anaconda3/envs/satenv/lib/python3.8/site-packages/cv2/../../lib64::/usr/local/cuda-10.1/lib64
2023-02-01 19:32:07.557866: I tensorflow/compiler/xla/stream_executor/cuda/cudart_stub.cc:29] Ignore above cudart dlerror if you do not have a GPU set up on your machine.
2023-02-01 19:32:07.981744: W tensorflow/compiler/xla/stream_executor/platform/default/dso_loader.cc:64] Could not load dynamic library 'libnvinfer.so.7'; dlerror: libnvinfer.so.7: cannot open shared object file: No such file or directory; LD_LIBRARY_PATH: /home/oracle/anaconda3/envs/satenv/lib/python3.8/site-packages/cv2/../../lib64::/usr/local/cuda-10.1/lib64
2023-02-01 19:32:07.981817: W tensorflow/compiler/xla/stream_executor/platform/default/dso_loader.cc:64] Could not load dynamic library 'libnvinfer_plugin.so.7'; dlerror: libnvinfer_plugin.so.7: cannot open shared object file: No such file or directory; LD_LIBRARY_PATH: /home/oracle/anaconda3/envs/satenv/lib/python3.8/site-packages/cv2/../../lib64::/usr/local/cuda-10.1/lib64
2023-02-01 19:32:07.981828: W tensorflow/compiler/tf2tensorrt/utils/py_utils.cc:38] TF-TRT Warning: Cannot dlopen some TensorRT libraries. If you would like to use Nvidia GPU with TensorRT, please make sure the missing libraries mentioned above are installed properly.
WARNING:werkzeug: * Debugger is active!
INFO:werkzeug: * Debugger PIN: 863-990-186
INFO:werkzeug:10.175.221.98 - - [01/Feb/2023 19:32:10] "POST /reports/query HTTP/1.1" 200 -
INFO:werkzeug: * Detected change in '/home/oracle/satellite-imgs/sat-image-detection/python-webapp/webapp-flask_multithread_9001.py', reloading
INFO:werkzeug: * Restarting with stat
2023-02-01 19:35:08.446008: I tensorflow/core/platform/cpu_feature_guard.cc:193] This TensorFlow binary is optimized with oneAPI Deep Neural Network Library (oneDNN) to use the following CPU instructions in performance-critical operations:  AVX2 FMA
To enable them in other operations, rebuild TensorFlow with the appropriate compiler flags.
2023-02-01 19:35:08.521738: W tensorflow/compiler/xla/stream_executor/platform/default/dso_loader.cc:64] Could not load dynamic library 'libcudart.so.11.0'; dlerror: libcudart.so.11.0: cannot open shared object file: No such file or directory; LD_LIBRARY_PATH: /home/oracle/anaconda3/envs/satenv/lib/python3.8/site-packages/cv2/../../lib64::/usr/local/cuda-10.1/lib64
2023-02-01 19:35:08.521764: I tensorflow/compiler/xla/stream_executor/cuda/cudart_stub.cc:29] Ignore above cudart dlerror if you do not have a GPU set up on your machine.
2023-02-01 19:35:08.943836: W tensorflow/compiler/xla/stream_executor/platform/default/dso_loader.cc:64] Could not load dynamic library 'libnvinfer.so.7'; dlerror: libnvinfer.so.7: cannot open shared object file: No such file or directory; LD_LIBRARY_PATH: /home/oracle/anaconda3/envs/satenv/lib/python3.8/site-packages/cv2/../../lib64::/usr/local/cuda-10.1/lib64
2023-02-01 19:35:08.943907: W tensorflow/compiler/xla/stream_executor/platform/default/dso_loader.cc:64] Could not load dynamic library 'libnvinfer_plugin.so.7'; dlerror: libnvinfer_plugin.so.7: cannot open shared object file: No such file or directory; LD_LIBRARY_PATH: /home/oracle/anaconda3/envs/satenv/lib/python3.8/site-packages/cv2/../../lib64::/usr/local/cuda-10.1/lib64
2023-02-01 19:35:08.943918: W tensorflow/compiler/tf2tensorrt/utils/py_utils.cc:38] TF-TRT Warning: Cannot dlopen some TensorRT libraries. If you would like to use Nvidia GPU with TensorRT, please make sure the missing libraries mentioned above are installed properly.
WARNING:werkzeug: * Debugger is active!
INFO:werkzeug: * Debugger PIN: 120-872-035
INFO:werkzeug:10.175.221.98 - - [01/Feb/2023 19:35:14] "[35m[1mPOST /reports/query HTTP/1.1[0m" 500 -
Traceback (most recent call last):
  File "/home/oracle/anaconda3/envs/satenv/lib/python3.8/site-packages/flask/app.py", line 2548, in __call__
    return self.wsgi_app(environ, start_response)
  File "/home/oracle/anaconda3/envs/satenv/lib/python3.8/site-packages/flask/app.py", line 2528, in wsgi_app
    response = self.handle_exception(e)
  File "/home/oracle/anaconda3/envs/satenv/lib/python3.8/site-packages/flask_cors/extension.py", line 165, in wrapped_function
    return cors_after_request(app.make_response(f(*args, **kwargs)))
  File "/home/oracle/anaconda3/envs/satenv/lib/python3.8/site-packages/flask/app.py", line 2525, in wsgi_app
    response = self.full_dispatch_request()
  File "/home/oracle/anaconda3/envs/satenv/lib/python3.8/site-packages/flask/app.py", line 1822, in full_dispatch_request
    rv = self.handle_user_exception(e)
  File "/home/oracle/anaconda3/envs/satenv/lib/python3.8/site-packages/flask_cors/extension.py", line 165, in wrapped_function
    return cors_after_request(app.make_response(f(*args, **kwargs)))
  File "/home/oracle/anaconda3/envs/satenv/lib/python3.8/site-packages/flask/app.py", line 1820, in full_dispatch_request
    rv = self.dispatch_request()
  File "/home/oracle/anaconda3/envs/satenv/lib/python3.8/site-packages/flask/app.py", line 1796, in dispatch_request
    return self.ensure_sync(self.view_functions[rule.endpoint])(**view_args)
  File "/home/oracle/satellite-imgs/sat-image-detection/python-webapp/webapp-flask_multithread_9001.py", line 382, in getReports
    return json.dumps({"reports": result}), r_status
  File "/home/oracle/anaconda3/envs/satenv/lib/python3.8/json/__init__.py", line 231, in dumps
    return _default_encoder.encode(obj)
  File "/home/oracle/anaconda3/envs/satenv/lib/python3.8/json/encoder.py", line 199, in encode
    chunks = self.iterencode(o, _one_shot=True)
  File "/home/oracle/anaconda3/envs/satenv/lib/python3.8/json/encoder.py", line 257, in iterencode
    return _iterencode(o, 0)
  File "/home/oracle/anaconda3/envs/satenv/lib/python3.8/json/encoder.py", line 179, in default
    raise TypeError(f'Object of type {o.__class__.__name__} '
TypeError: Object of type DataFrame is not JSON serializable
INFO:werkzeug: * Detected change in '/home/oracle/satellite-imgs/sat-image-detection/python-webapp/report_utils.py', reloading
INFO:werkzeug: * Restarting with stat
2023-02-01 19:35:50.145094: I tensorflow/core/platform/cpu_feature_guard.cc:193] This TensorFlow binary is optimized with oneAPI Deep Neural Network Library (oneDNN) to use the following CPU instructions in performance-critical operations:  AVX2 FMA
To enable them in other operations, rebuild TensorFlow with the appropriate compiler flags.
2023-02-01 19:35:50.222049: W tensorflow/compiler/xla/stream_executor/platform/default/dso_loader.cc:64] Could not load dynamic library 'libcudart.so.11.0'; dlerror: libcudart.so.11.0: cannot open shared object file: No such file or directory; LD_LIBRARY_PATH: /home/oracle/anaconda3/envs/satenv/lib/python3.8/site-packages/cv2/../../lib64::/usr/local/cuda-10.1/lib64
2023-02-01 19:35:50.222074: I tensorflow/compiler/xla/stream_executor/cuda/cudart_stub.cc:29] Ignore above cudart dlerror if you do not have a GPU set up on your machine.
2023-02-01 19:35:50.646071: W tensorflow/compiler/xla/stream_executor/platform/default/dso_loader.cc:64] Could not load dynamic library 'libnvinfer.so.7'; dlerror: libnvinfer.so.7: cannot open shared object file: No such file or directory; LD_LIBRARY_PATH: /home/oracle/anaconda3/envs/satenv/lib/python3.8/site-packages/cv2/../../lib64::/usr/local/cuda-10.1/lib64
2023-02-01 19:35:50.646131: W tensorflow/compiler/xla/stream_executor/platform/default/dso_loader.cc:64] Could not load dynamic library 'libnvinfer_plugin.so.7'; dlerror: libnvinfer_plugin.so.7: cannot open shared object file: No such file or directory; LD_LIBRARY_PATH: /home/oracle/anaconda3/envs/satenv/lib/python3.8/site-packages/cv2/../../lib64::/usr/local/cuda-10.1/lib64
2023-02-01 19:35:50.646139: W tensorflow/compiler/tf2tensorrt/utils/py_utils.cc:38] TF-TRT Warning: Cannot dlopen some TensorRT libraries. If you would like to use Nvidia GPU with TensorRT, please make sure the missing libraries mentioned above are installed properly.
WARNING:werkzeug: * Debugger is active!
INFO:werkzeug: * Debugger PIN: 235-198-649
INFO:werkzeug:10.175.221.98 - - [01/Feb/2023 19:35:52] "POST /reports/query HTTP/1.1" 200 -
INFO:werkzeug: * Detected change in '/home/oracle/satellite-imgs/sat-image-detection/python-webapp/report_utils.py', reloading
INFO:werkzeug: * Restarting with stat
2023-02-01 19:36:17.775400: I tensorflow/core/platform/cpu_feature_guard.cc:193] This TensorFlow binary is optimized with oneAPI Deep Neural Network Library (oneDNN) to use the following CPU instructions in performance-critical operations:  AVX2 FMA
To enable them in other operations, rebuild TensorFlow with the appropriate compiler flags.
2023-02-01 19:36:17.851240: W tensorflow/compiler/xla/stream_executor/platform/default/dso_loader.cc:64] Could not load dynamic library 'libcudart.so.11.0'; dlerror: libcudart.so.11.0: cannot open shared object file: No such file or directory; LD_LIBRARY_PATH: /home/oracle/anaconda3/envs/satenv/lib/python3.8/site-packages/cv2/../../lib64::/usr/local/cuda-10.1/lib64
2023-02-01 19:36:17.851269: I tensorflow/compiler/xla/stream_executor/cuda/cudart_stub.cc:29] Ignore above cudart dlerror if you do not have a GPU set up on your machine.
2023-02-01 19:36:18.273304: W tensorflow/compiler/xla/stream_executor/platform/default/dso_loader.cc:64] Could not load dynamic library 'libnvinfer.so.7'; dlerror: libnvinfer.so.7: cannot open shared object file: No such file or directory; LD_LIBRARY_PATH: /home/oracle/anaconda3/envs/satenv/lib/python3.8/site-packages/cv2/../../lib64::/usr/local/cuda-10.1/lib64
2023-02-01 19:36:18.273364: W tensorflow/compiler/xla/stream_executor/platform/default/dso_loader.cc:64] Could not load dynamic library 'libnvinfer_plugin.so.7'; dlerror: libnvinfer_plugin.so.7: cannot open shared object file: No such file or directory; LD_LIBRARY_PATH: /home/oracle/anaconda3/envs/satenv/lib/python3.8/site-packages/cv2/../../lib64::/usr/local/cuda-10.1/lib64
2023-02-01 19:36:18.273372: W tensorflow/compiler/tf2tensorrt/utils/py_utils.cc:38] TF-TRT Warning: Cannot dlopen some TensorRT libraries. If you would like to use Nvidia GPU with TensorRT, please make sure the missing libraries mentioned above are installed properly.
WARNING:werkzeug: * Debugger is active!
INFO:werkzeug: * Debugger PIN: 107-347-020
INFO:werkzeug:10.175.221.98 - - [01/Feb/2023 19:36:20] "POST /reports/query HTTP/1.1" 200 -
INFO:werkzeug: * Detected change in '/home/oracle/satellite-imgs/sat-image-detection/python-webapp/report_utils.py', reloading
INFO:werkzeug: * Restarting with stat
2023-02-01 19:36:27.105315: I tensorflow/core/platform/cpu_feature_guard.cc:193] This TensorFlow binary is optimized with oneAPI Deep Neural Network Library (oneDNN) to use the following CPU instructions in performance-critical operations:  AVX2 FMA
To enable them in other operations, rebuild TensorFlow with the appropriate compiler flags.
2023-02-01 19:36:27.180846: W tensorflow/compiler/xla/stream_executor/platform/default/dso_loader.cc:64] Could not load dynamic library 'libcudart.so.11.0'; dlerror: libcudart.so.11.0: cannot open shared object file: No such file or directory; LD_LIBRARY_PATH: /home/oracle/anaconda3/envs/satenv/lib/python3.8/site-packages/cv2/../../lib64::/usr/local/cuda-10.1/lib64
2023-02-01 19:36:27.180871: I tensorflow/compiler/xla/stream_executor/cuda/cudart_stub.cc:29] Ignore above cudart dlerror if you do not have a GPU set up on your machine.
2023-02-01 19:36:27.602607: W tensorflow/compiler/xla/stream_executor/platform/default/dso_loader.cc:64] Could not load dynamic library 'libnvinfer.so.7'; dlerror: libnvinfer.so.7: cannot open shared object file: No such file or directory; LD_LIBRARY_PATH: /home/oracle/anaconda3/envs/satenv/lib/python3.8/site-packages/cv2/../../lib64::/usr/local/cuda-10.1/lib64
2023-02-01 19:36:27.602669: W tensorflow/compiler/xla/stream_executor/platform/default/dso_loader.cc:64] Could not load dynamic library 'libnvinfer_plugin.so.7'; dlerror: libnvinfer_plugin.so.7: cannot open shared object file: No such file or directory; LD_LIBRARY_PATH: /home/oracle/anaconda3/envs/satenv/lib/python3.8/site-packages/cv2/../../lib64::/usr/local/cuda-10.1/lib64
2023-02-01 19:36:27.602682: W tensorflow/compiler/tf2tensorrt/utils/py_utils.cc:38] TF-TRT Warning: Cannot dlopen some TensorRT libraries. If you would like to use Nvidia GPU with TensorRT, please make sure the missing libraries mentioned above are installed properly.
WARNING:werkzeug: * Debugger is active!
INFO:werkzeug: * Debugger PIN: 119-155-156
INFO:werkzeug:10.175.221.98 - - [01/Feb/2023 19:36:29] "POST /reports/query HTTP/1.1" 200 -
INFO:werkzeug: * Detected change in '/home/oracle/satellite-imgs/sat-image-detection/python-webapp/webapp-flask_multithread_9001.py', reloading
INFO:werkzeug: * Restarting with stat
2023-02-01 19:36:50.808128: I tensorflow/core/platform/cpu_feature_guard.cc:193] This TensorFlow binary is optimized with oneAPI Deep Neural Network Library (oneDNN) to use the following CPU instructions in performance-critical operations:  AVX2 FMA
To enable them in other operations, rebuild TensorFlow with the appropriate compiler flags.
2023-02-01 19:36:50.883770: W tensorflow/compiler/xla/stream_executor/platform/default/dso_loader.cc:64] Could not load dynamic library 'libcudart.so.11.0'; dlerror: libcudart.so.11.0: cannot open shared object file: No such file or directory; LD_LIBRARY_PATH: /home/oracle/anaconda3/envs/satenv/lib/python3.8/site-packages/cv2/../../lib64::/usr/local/cuda-10.1/lib64
2023-02-01 19:36:50.883796: I tensorflow/compiler/xla/stream_executor/cuda/cudart_stub.cc:29] Ignore above cudart dlerror if you do not have a GPU set up on your machine.
2023-02-01 19:36:51.303577: W tensorflow/compiler/xla/stream_executor/platform/default/dso_loader.cc:64] Could not load dynamic library 'libnvinfer.so.7'; dlerror: libnvinfer.so.7: cannot open shared object file: No such file or directory; LD_LIBRARY_PATH: /home/oracle/anaconda3/envs/satenv/lib/python3.8/site-packages/cv2/../../lib64::/usr/local/cuda-10.1/lib64
2023-02-01 19:36:51.303646: W tensorflow/compiler/xla/stream_executor/platform/default/dso_loader.cc:64] Could not load dynamic library 'libnvinfer_plugin.so.7'; dlerror: libnvinfer_plugin.so.7: cannot open shared object file: No such file or directory; LD_LIBRARY_PATH: /home/oracle/anaconda3/envs/satenv/lib/python3.8/site-packages/cv2/../../lib64::/usr/local/cuda-10.1/lib64
2023-02-01 19:36:51.303657: W tensorflow/compiler/tf2tensorrt/utils/py_utils.cc:38] TF-TRT Warning: Cannot dlopen some TensorRT libraries. If you would like to use Nvidia GPU with TensorRT, please make sure the missing libraries mentioned above are installed properly.
WARNING:werkzeug: * Debugger is active!
INFO:werkzeug: * Debugger PIN: 693-821-225
INFO:werkzeug:10.175.221.98 - - [01/Feb/2023 19:36:54] "POST /reports/query HTTP/1.1" 200 -
INFO:werkzeug: * Detected change in '/home/oracle/satellite-imgs/sat-image-detection/python-webapp/webapp-flask_multithread_9001.py', reloading
INFO:werkzeug: * Restarting with stat
2023-02-01 19:37:09.261625: I tensorflow/core/platform/cpu_feature_guard.cc:193] This TensorFlow binary is optimized with oneAPI Deep Neural Network Library (oneDNN) to use the following CPU instructions in performance-critical operations:  AVX2 FMA
To enable them in other operations, rebuild TensorFlow with the appropriate compiler flags.
2023-02-01 19:37:09.337660: W tensorflow/compiler/xla/stream_executor/platform/default/dso_loader.cc:64] Could not load dynamic library 'libcudart.so.11.0'; dlerror: libcudart.so.11.0: cannot open shared object file: No such file or directory; LD_LIBRARY_PATH: /home/oracle/anaconda3/envs/satenv/lib/python3.8/site-packages/cv2/../../lib64::/usr/local/cuda-10.1/lib64
2023-02-01 19:37:09.337687: I tensorflow/compiler/xla/stream_executor/cuda/cudart_stub.cc:29] Ignore above cudart dlerror if you do not have a GPU set up on your machine.
2023-02-01 19:37:09.760895: W tensorflow/compiler/xla/stream_executor/platform/default/dso_loader.cc:64] Could not load dynamic library 'libnvinfer.so.7'; dlerror: libnvinfer.so.7: cannot open shared object file: No such file or directory; LD_LIBRARY_PATH: /home/oracle/anaconda3/envs/satenv/lib/python3.8/site-packages/cv2/../../lib64::/usr/local/cuda-10.1/lib64
2023-02-01 19:37:09.760960: W tensorflow/compiler/xla/stream_executor/platform/default/dso_loader.cc:64] Could not load dynamic library 'libnvinfer_plugin.so.7'; dlerror: libnvinfer_plugin.so.7: cannot open shared object file: No such file or directory; LD_LIBRARY_PATH: /home/oracle/anaconda3/envs/satenv/lib/python3.8/site-packages/cv2/../../lib64::/usr/local/cuda-10.1/lib64
2023-02-01 19:37:09.760968: W tensorflow/compiler/tf2tensorrt/utils/py_utils.cc:38] TF-TRT Warning: Cannot dlopen some TensorRT libraries. If you would like to use Nvidia GPU with TensorRT, please make sure the missing libraries mentioned above are installed properly.
WARNING:werkzeug: * Debugger is active!
INFO:werkzeug: * Debugger PIN: 770-917-709
INFO:werkzeug:10.175.221.98 - - [01/Feb/2023 19:37:11] "POST /reports/query HTTP/1.1" 200 -
INFO:werkzeug: * Detected change in '/home/oracle/satellite-imgs/sat-image-detection/python-webapp/webapp-flask_multithread_9001.py', reloading
INFO:werkzeug: * Restarting with stat
2023-02-01 19:44:16.545366: I tensorflow/core/platform/cpu_feature_guard.cc:193] This TensorFlow binary is optimized with oneAPI Deep Neural Network Library (oneDNN) to use the following CPU instructions in performance-critical operations:  AVX2 FMA
To enable them in other operations, rebuild TensorFlow with the appropriate compiler flags.
2023-02-01 19:44:16.620885: W tensorflow/compiler/xla/stream_executor/platform/default/dso_loader.cc:64] Could not load dynamic library 'libcudart.so.11.0'; dlerror: libcudart.so.11.0: cannot open shared object file: No such file or directory; LD_LIBRARY_PATH: /home/oracle/anaconda3/envs/satenv/lib/python3.8/site-packages/cv2/../../lib64::/usr/local/cuda-10.1/lib64
2023-02-01 19:44:16.620912: I tensorflow/compiler/xla/stream_executor/cuda/cudart_stub.cc:29] Ignore above cudart dlerror if you do not have a GPU set up on your machine.
2023-02-01 19:44:17.044964: W tensorflow/compiler/xla/stream_executor/platform/default/dso_loader.cc:64] Could not load dynamic library 'libnvinfer.so.7'; dlerror: libnvinfer.so.7: cannot open shared object file: No such file or directory; LD_LIBRARY_PATH: /home/oracle/anaconda3/envs/satenv/lib/python3.8/site-packages/cv2/../../lib64::/usr/local/cuda-10.1/lib64
2023-02-01 19:44:17.045034: W tensorflow/compiler/xla/stream_executor/platform/default/dso_loader.cc:64] Could not load dynamic library 'libnvinfer_plugin.so.7'; dlerror: libnvinfer_plugin.so.7: cannot open shared object file: No such file or directory; LD_LIBRARY_PATH: /home/oracle/anaconda3/envs/satenv/lib/python3.8/site-packages/cv2/../../lib64::/usr/local/cuda-10.1/lib64
2023-02-01 19:44:17.045045: W tensorflow/compiler/tf2tensorrt/utils/py_utils.cc:38] TF-TRT Warning: Cannot dlopen some TensorRT libraries. If you would like to use Nvidia GPU with TensorRT, please make sure the missing libraries mentioned above are installed properly.
WARNING:werkzeug: * Debugger is active!
INFO:werkzeug: * Debugger PIN: 607-391-665
INFO:werkzeug: * Detected change in '/home/oracle/satellite-imgs/sat-image-detection/python-webapp/report_utils.py', reloading
INFO:werkzeug: * Restarting with stat
2023-02-01 19:44:27.931469: I tensorflow/core/platform/cpu_feature_guard.cc:193] This TensorFlow binary is optimized with oneAPI Deep Neural Network Library (oneDNN) to use the following CPU instructions in performance-critical operations:  AVX2 FMA
To enable them in other operations, rebuild TensorFlow with the appropriate compiler flags.
2023-02-01 19:44:28.007527: W tensorflow/compiler/xla/stream_executor/platform/default/dso_loader.cc:64] Could not load dynamic library 'libcudart.so.11.0'; dlerror: libcudart.so.11.0: cannot open shared object file: No such file or directory; LD_LIBRARY_PATH: /home/oracle/anaconda3/envs/satenv/lib/python3.8/site-packages/cv2/../../lib64::/usr/local/cuda-10.1/lib64
2023-02-01 19:44:28.007555: I tensorflow/compiler/xla/stream_executor/cuda/cudart_stub.cc:29] Ignore above cudart dlerror if you do not have a GPU set up on your machine.
2023-02-01 19:44:28.430036: W tensorflow/compiler/xla/stream_executor/platform/default/dso_loader.cc:64] Could not load dynamic library 'libnvinfer.so.7'; dlerror: libnvinfer.so.7: cannot open shared object file: No such file or directory; LD_LIBRARY_PATH: /home/oracle/anaconda3/envs/satenv/lib/python3.8/site-packages/cv2/../../lib64::/usr/local/cuda-10.1/lib64
2023-02-01 19:44:28.430103: W tensorflow/compiler/xla/stream_executor/platform/default/dso_loader.cc:64] Could not load dynamic library 'libnvinfer_plugin.so.7'; dlerror: libnvinfer_plugin.so.7: cannot open shared object file: No such file or directory; LD_LIBRARY_PATH: /home/oracle/anaconda3/envs/satenv/lib/python3.8/site-packages/cv2/../../lib64::/usr/local/cuda-10.1/lib64
2023-02-01 19:44:28.430110: W tensorflow/compiler/tf2tensorrt/utils/py_utils.cc:38] TF-TRT Warning: Cannot dlopen some TensorRT libraries. If you would like to use Nvidia GPU with TensorRT, please make sure the missing libraries mentioned above are installed properly.
WARNING:werkzeug: * Debugger is active!
INFO:werkzeug: * Debugger PIN: 919-668-053
INFO:werkzeug: * Detected change in '/home/oracle/satellite-imgs/sat-image-detection/python-webapp/report_utils.py', reloading
INFO:werkzeug: * Restarting with stat
2023-02-01 19:45:57.238913: I tensorflow/core/platform/cpu_feature_guard.cc:193] This TensorFlow binary is optimized with oneAPI Deep Neural Network Library (oneDNN) to use the following CPU instructions in performance-critical operations:  AVX2 FMA
To enable them in other operations, rebuild TensorFlow with the appropriate compiler flags.
2023-02-01 19:45:57.314195: W tensorflow/compiler/xla/stream_executor/platform/default/dso_loader.cc:64] Could not load dynamic library 'libcudart.so.11.0'; dlerror: libcudart.so.11.0: cannot open shared object file: No such file or directory; LD_LIBRARY_PATH: /home/oracle/anaconda3/envs/satenv/lib/python3.8/site-packages/cv2/../../lib64::/usr/local/cuda-10.1/lib64
2023-02-01 19:45:57.314221: I tensorflow/compiler/xla/stream_executor/cuda/cudart_stub.cc:29] Ignore above cudart dlerror if you do not have a GPU set up on your machine.
2023-02-01 19:45:57.734498: W tensorflow/compiler/xla/stream_executor/platform/default/dso_loader.cc:64] Could not load dynamic library 'libnvinfer.so.7'; dlerror: libnvinfer.so.7: cannot open shared object file: No such file or directory; LD_LIBRARY_PATH: /home/oracle/anaconda3/envs/satenv/lib/python3.8/site-packages/cv2/../../lib64::/usr/local/cuda-10.1/lib64
2023-02-01 19:45:57.734561: W tensorflow/compiler/xla/stream_executor/platform/default/dso_loader.cc:64] Could not load dynamic library 'libnvinfer_plugin.so.7'; dlerror: libnvinfer_plugin.so.7: cannot open shared object file: No such file or directory; LD_LIBRARY_PATH: /home/oracle/anaconda3/envs/satenv/lib/python3.8/site-packages/cv2/../../lib64::/usr/local/cuda-10.1/lib64
2023-02-01 19:45:57.734569: W tensorflow/compiler/tf2tensorrt/utils/py_utils.cc:38] TF-TRT Warning: Cannot dlopen some TensorRT libraries. If you would like to use Nvidia GPU with TensorRT, please make sure the missing libraries mentioned above are installed properly.
WARNING:werkzeug: * Debugger is active!
INFO:werkzeug: * Debugger PIN: 101-185-040
INFO:werkzeug:10.175.221.98 - - [01/Feb/2023 19:45:59] "POST /reports/query HTTP/1.1" 200 -
INFO:werkzeug: * Detected change in '/home/oracle/satellite-imgs/sat-image-detection/python-webapp/report_utils.py', reloading
INFO:werkzeug: * Restarting with stat
2023-02-01 19:46:12.633911: I tensorflow/core/platform/cpu_feature_guard.cc:193] This TensorFlow binary is optimized with oneAPI Deep Neural Network Library (oneDNN) to use the following CPU instructions in performance-critical operations:  AVX2 FMA
To enable them in other operations, rebuild TensorFlow with the appropriate compiler flags.
2023-02-01 19:46:12.709027: W tensorflow/compiler/xla/stream_executor/platform/default/dso_loader.cc:64] Could not load dynamic library 'libcudart.so.11.0'; dlerror: libcudart.so.11.0: cannot open shared object file: No such file or directory; LD_LIBRARY_PATH: /home/oracle/anaconda3/envs/satenv/lib/python3.8/site-packages/cv2/../../lib64::/usr/local/cuda-10.1/lib64
2023-02-01 19:46:12.709060: I tensorflow/compiler/xla/stream_executor/cuda/cudart_stub.cc:29] Ignore above cudart dlerror if you do not have a GPU set up on your machine.
2023-02-01 19:46:13.130584: W tensorflow/compiler/xla/stream_executor/platform/default/dso_loader.cc:64] Could not load dynamic library 'libnvinfer.so.7'; dlerror: libnvinfer.so.7: cannot open shared object file: No such file or directory; LD_LIBRARY_PATH: /home/oracle/anaconda3/envs/satenv/lib/python3.8/site-packages/cv2/../../lib64::/usr/local/cuda-10.1/lib64
2023-02-01 19:46:13.130658: W tensorflow/compiler/xla/stream_executor/platform/default/dso_loader.cc:64] Could not load dynamic library 'libnvinfer_plugin.so.7'; dlerror: libnvinfer_plugin.so.7: cannot open shared object file: No such file or directory; LD_LIBRARY_PATH: /home/oracle/anaconda3/envs/satenv/lib/python3.8/site-packages/cv2/../../lib64::/usr/local/cuda-10.1/lib64
2023-02-01 19:46:13.130669: W tensorflow/compiler/tf2tensorrt/utils/py_utils.cc:38] TF-TRT Warning: Cannot dlopen some TensorRT libraries. If you would like to use Nvidia GPU with TensorRT, please make sure the missing libraries mentioned above are installed properly.
WARNING:werkzeug: * Debugger is active!
INFO:werkzeug: * Debugger PIN: 542-747-312
INFO:werkzeug: * Detected change in '/home/oracle/satellite-imgs/sat-image-detection/python-webapp/webapp-flask_multithread_9001.py', reloading
INFO:werkzeug: * Restarting with stat
2023-02-01 19:49:27.105069: I tensorflow/core/platform/cpu_feature_guard.cc:193] This TensorFlow binary is optimized with oneAPI Deep Neural Network Library (oneDNN) to use the following CPU instructions in performance-critical operations:  AVX2 FMA
To enable them in other operations, rebuild TensorFlow with the appropriate compiler flags.
2023-02-01 19:49:27.181979: W tensorflow/compiler/xla/stream_executor/platform/default/dso_loader.cc:64] Could not load dynamic library 'libcudart.so.11.0'; dlerror: libcudart.so.11.0: cannot open shared object file: No such file or directory; LD_LIBRARY_PATH: /home/oracle/anaconda3/envs/satenv/lib/python3.8/site-packages/cv2/../../lib64::/usr/local/cuda-10.1/lib64
2023-02-01 19:49:27.182001: I tensorflow/compiler/xla/stream_executor/cuda/cudart_stub.cc:29] Ignore above cudart dlerror if you do not have a GPU set up on your machine.
2023-02-01 19:49:27.602419: W tensorflow/compiler/xla/stream_executor/platform/default/dso_loader.cc:64] Could not load dynamic library 'libnvinfer.so.7'; dlerror: libnvinfer.so.7: cannot open shared object file: No such file or directory; LD_LIBRARY_PATH: /home/oracle/anaconda3/envs/satenv/lib/python3.8/site-packages/cv2/../../lib64::/usr/local/cuda-10.1/lib64
2023-02-01 19:49:27.602480: W tensorflow/compiler/xla/stream_executor/platform/default/dso_loader.cc:64] Could not load dynamic library 'libnvinfer_plugin.so.7'; dlerror: libnvinfer_plugin.so.7: cannot open shared object file: No such file or directory; LD_LIBRARY_PATH: /home/oracle/anaconda3/envs/satenv/lib/python3.8/site-packages/cv2/../../lib64::/usr/local/cuda-10.1/lib64
2023-02-01 19:49:27.602489: W tensorflow/compiler/tf2tensorrt/utils/py_utils.cc:38] TF-TRT Warning: Cannot dlopen some TensorRT libraries. If you would like to use Nvidia GPU with TensorRT, please make sure the missing libraries mentioned above are installed properly.
WARNING:werkzeug: * Debugger is active!
INFO:werkzeug: * Debugger PIN: 142-489-961
INFO:werkzeug: * Detected change in '/home/oracle/satellite-imgs/sat-image-detection/python-webapp/webapp-flask_multithread_9001.py', reloading
INFO:werkzeug: * Restarting with stat
  File "/home/oracle/satellite-imgs/sat-image-detection/python-webapp/webapp-flask_multithread_9001.py", line 388
    return json.dumps({"reports": result}, cls=ListEncoder)), r_status
                                                           ^
SyntaxError: unmatched ')'
